# JRE version: Java(TM) SE Runtime Environment (8.0_191-b12) (build 1.8.0_191-b12)
# Java VM: Java HotSpot(TM) 64-Bit Server VM (25.191-b12 mixed mode windows-amd64 compressed oops)
Heap:
 PSYoungGen      total 110592K, used 42077K [0x00000000eb300000, 0x00000000f2800000, 0x0000000100000000)
  eden space 102400K, 41% used [0x00000000eb300000,0x00000000edc17498,0x00000000f1700000)
  from space 8192K, 0% used [0x00000000f2000000,0x00000000f2000000,0x00000000f2800000)
  to   space 8704K, 0% used [0x00000000f1700000,0x00000000f1700000,0x00000000f1f80000)
 ParOldGen       total 39936K, used 12635K [0x00000000c1800000, 0x00000000c3f00000, 0x00000000eb300000)
  object space 39936K, 31% used [0x00000000c1800000,0x00000000c2456ce0,0x00000000c3f00000)
 Metaspace       used 22380K, capacity 22894K, committed 23088K, reserved 1069056K
  class space    used 2717K, capacity 2860K, committed 2944K, reserved 1048576K
GC Heap History (10 events):
Event: 5.139 GC heap before
{Heap before GC invocations=7 (full 0):
 PSYoungGen      total 37888K, used 37101K [0x00000000eb300000, 0x00000000edf00000, 0x0000000100000000)
  eden space 32256K, 100% used [0x00000000eb300000,0x00000000ed280000,0x00000000ed280000)
  from space 5632K, 86% used [0x00000000ed880000,0x00000000edd3b780,0x00000000ede00000)
  to   space 6144K, 0% used [0x00000000ed280000,0x00000000ed280000,0x00000000ed880000)
 ParOldGen       total 44032K, used 7615K [0x00000000c1800000, 0x00000000c4300000, 0x00000000eb300000)
  object space 44032K, 17% used [0x00000000c1800000,0x00000000c1f6fff8,0x00000000c4300000)
 Metaspace       used 15703K, capacity 15992K, committed 16128K, reserved 1062912K
  class space    used 1875K, capacity 1982K, committed 2048K, reserved 1048576K
Event: 5.153 GC heap after
Heap after GC invocations=7 (full 0):
 PSYoungGen      total 38400K, used 5453K [0x00000000eb300000, 0x00000000eff00000, 0x0000000100000000)
  eden space 32256K, 0% used [0x00000000eb300000,0x00000000eb300000,0x00000000ed280000)
  from space 6144K, 88% used [0x00000000ed280000,0x00000000ed7d3540,0x00000000ed880000)
  to   space 6656K, 0% used [0x00000000ef880000,0x00000000ef880000,0x00000000eff00000)
 ParOldGen       total 44032K, used 8704K [0x00000000c1800000, 0x00000000c4300000, 0x00000000eb300000)
  object space 44032K, 19% used [0x00000000c1800000,0x00000000c2080088,0x00000000c4300000)
 Metaspace       used 15703K, capacity 15992K, committed 16128K, reserved 1062912K
  class space    used 1875K, capacity 1982K, committed 2048K, reserved 1048576K
}
Event: 8.110 GC heap before
{Heap before GC invocations=8 (full 0):
 PSYoungGen      total 38400K, used 37709K [0x00000000eb300000, 0x00000000eff00000, 0x0000000100000000)
  eden space 32256K, 100% used [0x00000000eb300000,0x00000000ed280000,0x00000000ed280000)
  from space 6144K, 88% used [0x00000000ed280000,0x00000000ed7d3540,0x00000000ed880000)
  to   space 6656K, 0% used [0x00000000ef880000,0x00000000ef880000,0x00000000eff00000)
 ParOldGen       total 44032K, used 8704K [0x00000000c1800000, 0x00000000c4300000, 0x00000000eb300000)
  object space 44032K, 19% used [0x00000000c1800000,0x00000000c2080088,0x00000000c4300000)
 Metaspace       used 16297K, capacity 16674K, committed 16896K, reserved 1064960K
  class space    used 1921K, capacity 2020K, committed 2048K, reserved 1048576K
Event: 8.122 GC heap after
Heap after GC invocations=8 (full 0):
 PSYoungGen      total 70656K, used 6035K [0x00000000eb300000, 0x00000000f0000000, 0x0000000100000000)
  eden space 64000K, 0% used [0x00000000eb300000,0x00000000eb300000,0x00000000ef180000)
  from space 6656K, 90% used [0x00000000ef880000,0x00000000efe64f60,0x00000000eff00000)
  to   space 7168K, 0% used [0x00000000ef180000,0x00000000ef180000,0x00000000ef880000)
 ParOldGen       total 44032K, used 9418K [0x00000000c1800000, 0x00000000c4300000, 0x00000000eb300000)
  object space 44032K, 21% used [0x00000000c1800000,0x00000000c21328c8,0x00000000c4300000)
 Metaspace       used 16297K, capacity 16674K, committed 16896K, reserved 1064960K
  class space    used 1921K, capacity 2020K, committed 2048K, reserved 1048576K
}
Event: 10.572 GC heap before
{Heap before GC invocations=9 (full 0):
 PSYoungGen      total 70656K, used 70035K [0x00000000eb300000, 0x00000000f0000000, 0x0000000100000000)
  eden space 64000K, 100% used [0x00000000eb300000,0x00000000ef180000,0x00000000ef180000)
  from space 6656K, 90% used [0x00000000ef880000,0x00000000efe64f60,0x00000000eff00000)
  to   space 7168K, 0% used [0x00000000ef180000,0x00000000ef180000,0x00000000ef880000)
 ParOldGen       total 44032K, used 9418K [0x00000000c1800000, 0x00000000c4300000, 0x00000000eb300000)
  object space 44032K, 21% used [0x00000000c1800000,0x00000000c21328c8,0x00000000c4300000)
 Metaspace       used 18417K, capacity 18826K, committed 19072K, reserved 1067008K
  class space    used 2189K, capacity 2332K, committed 2432K, reserved 1048576K
Event: 10.592 GC heap after
Heap after GC invocations=9 (full 0):
 PSYoungGen      total 71168K, used 7150K [0x00000000eb300000, 0x00000000f2900000, 0x0000000100000000)
  eden space 64000K, 0% used [0x00000000eb300000,0x00000000eb300000,0x00000000ef180000)
  from space 7168K, 99% used [0x00000000ef180000,0x00000000ef87b958,0x00000000ef880000)
  to   space 9216K, 0% used [0x00000000f2000000,0x00000000f2000000,0x00000000f2900000)
 ParOldGen       total 44032K, used 12770K [0x00000000c1800000, 0x00000000c4300000, 0x00000000eb300000)
  object space 44032K, 29% used [0x00000000c1800000,0x00000000c2478b20,0x00000000c4300000)
 Metaspace       used 18417K, capacity 18826K, committed 19072K, reserved 1067008K
  class space    used 2189K, capacity 2332K, committed 2432K, reserved 1048576K
}
Event: 11.232 GC heap before
{Heap before GC invocations=10 (full 0):
 PSYoungGen      total 71168K, used 23829K [0x00000000eb300000, 0x00000000f2900000, 0x0000000100000000)
  eden space 64000K, 26% used [0x00000000eb300000,0x00000000ec349b58,0x00000000ef180000)
  from space 7168K, 99% used [0x00000000ef180000,0x00000000ef87b958,0x00000000ef880000)
  to   space 9216K, 0% used [0x00000000f2000000,0x00000000f2000000,0x00000000f2900000)
 ParOldGen       total 44032K, used 12770K [0x00000000c1800000, 0x00000000c4300000, 0x00000000eb300000)
  object space 44032K, 29% used [0x00000000c1800000,0x00000000c2478b20,0x00000000c4300000)
 Metaspace       used 20612K, capacity 21134K, committed 21296K, reserved 1069056K
  class space    used 2468K, capacity 2636K, committed 2688K, reserved 1048576K
Event: 11.242 GC heap after
Heap after GC invocations=10 (full 0):
 PSYoungGen      total 110592K, used 4433K [0x00000000eb300000, 0x00000000f2800000, 0x0000000100000000)
  eden space 102400K, 0% used [0x00000000eb300000,0x00000000eb300000,0x00000000f1700000)
  from space 8192K, 54% used [0x00000000f2000000,0x00000000f2454450,0x00000000f2800000)
  to   space 8704K, 0% used [0x00000000f1700000,0x00000000f1700000,0x00000000f1f80000)
 ParOldGen       total 44032K, used 16166K [0x00000000c1800000, 0x00000000c4300000, 0x00000000eb300000)
  object space 44032K, 36% used [0x00000000c1800000,0x00000000c27c9b30,0x00000000c4300000)
 Metaspace       used 20612K, capacity 21134K, committed 21296K, reserved 1069056K
  class space    used 2468K, capacity 2636K, committed 2688K, reserved 1048576K
}
Event: 11.242 GC heap before
{Heap before GC invocations=11 (full 1):
 PSYoungGen      total 110592K, used 4433K [0x00000000eb300000, 0x00000000f2800000, 0x0000000100000000)
  eden space 102400K, 0% used [0x00000000eb300000,0x00000000eb300000,0x00000000f1700000)
  from space 8192K, 54% used [0x00000000f2000000,0x00000000f2454450,0x00000000f2800000)
  to   space 8704K, 0% used [0x00000000f1700000,0x00000000f1700000,0x00000000f1f80000)
 ParOldGen       total 44032K, used 16166K [0x00000000c1800000, 0x00000000c4300000, 0x00000000eb300000)
  object space 44032K, 36% used [0x00000000c1800000,0x00000000c27c9b30,0x00000000c4300000)
 Metaspace       used 20612K, capacity 21134K, committed 21296K, reserved 1069056K
  class space    used 2468K, capacity 2636K, committed 2688K, reserved 1048576K
Event: 11.331 GC heap after
Heap after GC invocations=11 (full 1):
 PSYoungGen      total 110592K, used 0K [0x00000000eb300000, 0x00000000f2800000, 0x0000000100000000)
  eden space 102400K, 0% used [0x00000000eb300000,0x00000000eb300000,0x00000000f1700000)
  from space 8192K, 0% used [0x00000000f2000000,0x00000000f2000000,0x00000000f2800000)
  to   space 8704K, 0% used [0x00000000f1700000,0x00000000f1700000,0x00000000f1f80000)
 ParOldGen       total 39936K, used 12635K [0x00000000c1800000, 0x00000000c3f00000, 0x00000000eb300000)
  object space 39936K, 31% used [0x00000000c1800000,0x00000000c2456ce0,0x00000000c3f00000)
 Metaspace       used 20612K, capacity 21134K, committed 21296K, reserved 1069056K
  class space    used 2468K, capacity 2636K, committed 2688K, reserved 1048576K
}

